06-29 12:10 root         INFO     b'\n'
06-29 12:10 root         INFO     b'go_straight\r\n'
06-29 12:10 root         INFO     b'\n'
06-29 12:10 root         INFO     b'go_straight\r\n'
06-29 12:10 root         INFO     b'go_straight\r\n'
06-29 12:10 root         INFO     b'go_straight\r\n'
06-29 12:10 root         INFO     b'go_straight\r\n'
06-29 12:10 root         INFO     b'go_straight\r\n'
06-29 12:10 root         INFO     b'go_straight\r\n'
06-29 12:10 root         INFO     b'go_straight\r\n'
06-29 12:10 root         INFO     b'go_straight\r\n'
06-29 12:10 root         INFO     b'go_straight\r\n'
06-29 12:10 root         INFO     b'go_straight\r\n'
06-29 12:10 root         INFO     b'go_straight\r\n'
06-29 12:10 root         INFO     b'go_straight\r\n'
06-29 12:10 root         INFO     b'go_straight\r\n'
06-29 12:10 root         INFO     b'go_straight\r\n'
06-29 12:10 root         INFO     b'go_straight\r\n'
06-29 12:10 root         INFO     b'turn_left\r\n'
06-29 12:10 root         INFO     b'turn_left\r\n'
06-29 12:10 root         INFO     b'turn_left\r\n'
06-29 12:10 root         INFO     b'turn_left\r\n'
06-29 12:10 root         INFO     b'go_straight\r\n'
06-29 12:10 root         INFO     b'go_straight\r\n'
06-29 12:10 root         INFO     b'go_straight\r\n'
06-29 12:10 root         INFO     b'go_straight\r\n'
06-29 12:10 root         INFO     b'go_straight\r\n'
06-29 12:10 root         INFO     b'go_straight\r\n'
06-29 12:10 root         INFO     b'go_straight\r\n'
06-29 12:10 root         INFO     b'back_parking\r\n'
06-29 12:10 root         INFO     b'back_parking\r\n'
06-29 12:10 root         INFO     b'back_parking\r\n'
06-29 12:10 root         INFO     b'back_parking\r\n'
06-29 12:10 root         INFO     b'back_parking\r\n'
06-29 12:10 root         INFO     b'back_parking\r\n'
06-29 12:10 root         INFO     b'back_parking\r\n'
06-29 12:10 root         INFO     b'back_parking\r\n'
06-29 12:10 root         INFO     b'back_parking\r\n'
06-29 12:11 root         INFO     b'back_parking\r\n'
06-29 12:11 root         INFO     b'back_parking\r\n'
06-29 12:11 root         INFO     b'back_parking\r\n'
06-29 12:11 root         INFO     b'snapshot\r\n'
06-29 12:11 root         INFO     b'snapshot\r\n'
06-29 12:11 root         INFO     b'snapshot\r\n'
06-29 12:11 root         INFO     b'snapshot\r\n'
06-29 12:11 root         INFO     b'snapshot\r\n'
06-29 12:11 root         INFO     b'snapshot\r\n'
06-29 12:11 root         INFO     b'snapshot\r\n'
06-29 12:11 root         INFO     b'snapshot\r\n'
06-29 12:11 root         INFO     b'snapshot\r\n'
06-29 12:11 root         INFO     b'snapshot\r\n'
06-29 12:11 root         INFO     b'snapshot\r\n'
06-29 12:11 root         INFO     b'snapshot\r\n'
06-29 12:11 root         INFO     b'snapshot\r\n'
06-29 12:11 root         INFO     b'snapshot\r\n'
06-29 12:11 root         INFO     b'turn_right\r\n'
06-29 12:11 root         INFO     b'turn_right\r\n'
06-29 12:11 root         INFO     b'turn_right\r\n'
06-29 12:11 root         INFO     b'turn_right\r\n'
06-29 12:11 root         INFO     b'go_straight\r\n'
06-29 12:11 root         INFO     b'go_straight\r\n'
06-29 12:11 root         INFO     b'go_straight\r\n'
06-29 12:11 root         INFO     b'leave mission1\r\n'
06-29 12:11 root         INFO     b'leave mission1\r\n'
06-29 12:11 root         INFO     b'leave mission1\r\n'
06-29 12:11 root         INFO     b'image : 4\r\n'
06-29 12:11 root         INFO     b'image : 4\r\n'
06-29 12:11 root         INFO     b'image : 4\r\n'
06-29 12:11 root         INFO     b'go_straight\r\n'
06-29 12:11 root         INFO     b'go_straight\r\n'
06-29 12:11 root         INFO     b'go_straight\r\n'
06-29 12:11 root         INFO     b'go_straight\r\n'
06-29 12:11 root         INFO     b'go_straight\r\n'
06-29 12:11 root         INFO     b'go_straight\r\n'
06-29 12:11 root         INFO     b'go_straight\r\n'
06-29 12:11 root         INFO     b'go_straight\r\n'
06-29 12:11 root         INFO     b'go_straight\r\n'
06-29 12:11 root         INFO     b'go_straight\r\n'
06-29 12:11 root         INFO     b'go_straight\r\n'
06-29 12:11 root         INFO     b'go_straight\r\n'
06-29 12:11 root         INFO     b'turn_right\r\n'
06-29 12:11 root         INFO     b'turn_right\r\n'
06-29 12:11 root         INFO     b'turn_right\r\n'
06-29 12:11 root         INFO     b'go_straight\r\n'
06-29 12:11 root         INFO     b'go_straight\r\n'
06-29 12:11 root         INFO     b'go_straight\r\n'
06-29 12:11 root         INFO     b'go_straight\r\n'
06-29 12:11 root         INFO     b'turn_right\r\n'
06-29 12:11 root         INFO     b'turn_right\r\n'
06-29 12:11 root         INFO     b'turn_right\r\n'
06-29 12:11 root         INFO     b'turn_right\r\n'
06-29 12:11 root         INFO     b'object_classification\r\n'
06-29 12:11 root         INFO     b'object_classification\r\n'
06-29 12:12 root         INFO     b'object_classification\r\n'
06-29 12:12 root         INFO     b'object_classification\r\n'
06-29 12:12 root         INFO     b'object_classification\r\n'
06-29 12:12 root         INFO     b'object_classification\r\n'
06-29 12:12 root         INFO     b'turn_left\r\n'
06-29 12:12 root         INFO     b'turn_left\r\n'
06-29 12:12 root         INFO     b'turn_left\r\n'
06-29 12:12 root         INFO     b'turn_left\r\n'
06-29 12:12 root         INFO     b'turn_left\r\n'
06-29 12:12 root         INFO     b'turn_left\r\n'
06-29 12:12 root         INFO     b'turn_left\r\n'
06-29 12:12 root         INFO     b'turn_left\r\n'
06-29 12:12 root         INFO     b'turn_left\r\n'
06-29 12:12 root         INFO     b'turn_left\r\n'
06-29 12:12 root         INFO     b'turn_left\r\n'
06-29 12:12 root         INFO     b'turn_left\r\n'
06-29 12:12 root         INFO     b'leave mission2\r\n'
06-29 12:12 root         INFO     b'leave mission2\r\n'
06-29 12:12 root         INFO     b'leave mission2\r\n'
06-29 12:12 root         INFO     b'leave mission2\r\n'
06-29 12:12 root         INFO     b'leave mission2\r\n'
06-29 12:12 root         INFO     b'leave mission2\r\n'
06-29 12:12 root         INFO     b'leave mission2\r\n'
06-29 12:12 root         INFO     b'leave mission2\r\n'
06-29 12:12 root         INFO     b'leave mission2\r\n'
06-29 12:12 root         INFO     b'leave mission2\r\n'
06-29 12:12 root         INFO     b'leave mission2\r\n'
06-29 12:12 root         INFO     b'leave mission2\r\n'
06-29 12:12 root         INFO     b'leave mission2\r\n'
06-29 12:12 root         INFO     b'leave mission2\r\n'
06-29 12:12 root         INFO     b'leave mission2\r\n'
06-29 12:12 root         INFO     b'leave mission2\r\n'
06-29 12:12 root         INFO     b'leave mission2\r\n'
06-29 12:12 root         INFO     b'leave mission2\r\n'
06-29 12:12 root         INFO     b'object : 1\r\n'
06-29 12:12 root         INFO     b'object : 1\r\n'
06-29 12:12 root         INFO     b'object : 1\r\n'
